[22:10:36] [main/INFO]: ModLauncher running: args [--username, Tedodor423, --version, forge-43.1.38, --gameDir, E:\Curseforge\Instances\vanilla_plus_plus, --assetsDir, E:\Curseforge\Install\assets, --assetIndex, 1.19, --uuid, b9c36fb17f2e47c19587f319e6d1b10c, --accessToken, ????????, --clientId, NGMwZGUzZTAtYWUwNS00NTBhLTgzNzgtMWU0NzM5ZTJkMGNl, --xuid, 2535428656123894, --userType, msa, --versionType, release, --width, 1920, --height, 1080, --launchTarget, forgeclient, --fml.forgeVersion, 43.1.38, --fml.mcVersion, 1.19.2, --fml.forgeGroup, net.minecraftforge, --fml.mcpVersion, 20220805.130853]
[22:10:36] [main/INFO]: ModLauncher 10.0.8+10.0.8+main.0ef7e830 starting: java version 17.0.3 by Microsoft; OS Windows 10 arch amd64 version 10.0
[22:10:36] [main/INFO]: SpongePowered MIXIN Subsystem Version=0.8.5 Source=union:/E:/Curseforge/Install/libraries/org/spongepowered/mixin/0.8.5/mixin-0.8.5.jar%2391!/ Service=ModLauncher Env=CLIENT
[22:10:37] [main/INFO]: Found mod file alexsmobs-1.21.0.jar of type MOD with provider {mods folder locator at E:\Curseforge\Instances\vanilla_plus_plus\mods}
[22:10:37] [main/INFO]: Found mod file Apotheosis-1.19.2-6.0.1.jar of type MOD with provider {mods folder locator at E:\Curseforge\Instances\vanilla_plus_plus\mods}
[22:10:37] [main/INFO]: Found mod file appleskin-forge-mc1.19-2.4.2.jar of type MOD with provider {mods folder locator at E:\Curseforge\Instances\vanilla_plus_plus\mods}
[22:10:37] [main/INFO]: Found mod file ars_creo-1.19.2-3.1.0.jar of type MOD with provider {mods folder locator at E:\Curseforge\Instances\vanilla_plus_plus\mods}
[22:10:37] [main/INFO]: Found mod file ars_nouveau-1.19.2-3.5.1.jar of type MOD with provider {mods folder locator at E:\Curseforge\Instances\vanilla_plus_plus\mods}
[22:10:37] [main/INFO]: Found mod file artifacts-1.19.2-5.0.1.jar of type MOD with provider {mods folder locator at E:\Curseforge\Instances\vanilla_plus_plus\mods}
[22:10:37] [main/INFO]: Found mod file balm-4.5.3.jar of type MOD with provider {mods folder locator at E:\Curseforge\Instances\vanilla_plus_plus\mods}
[22:10:37] [main/INFO]: Found mod file betterfpsdist-1.19.2-1.7.jar of type MOD with provider {mods folder locator at E:\Curseforge\Instances\vanilla_plus_plus\mods}
[22:10:37] [main/INFO]: Found mod file blockui-1.19-0.0.64-ALPHA.jar of type MOD with provider {mods folder locator at E:\Curseforge\Instances\vanilla_plus_plus\mods}
[22:10:37] [main/INFO]: Found mod file Bookshelf-Forge-1.19.2-16.1.11.jar of type MOD with provider {mods folder locator at E:\Curseforge\Instances\vanilla_plus_plus\mods}
[22:10:37] [main/INFO]: Found mod file brvsb-1.0.2-mc1.19.2.jar of type MOD with provider {mods folder locator at E:\Curseforge\Instances\vanilla_plus_plus\mods}
[22:10:37] [main/INFO]: Found mod file Chunk Pregenerator-1.19-4.1.1.jar of type MOD with provider {mods folder locator at E:\Curseforge\Instances\vanilla_plus_plus\mods}
[22:10:37] [main/INFO]: Found mod file Chunky-1.3.38.jar of type MOD with provider {mods folder locator at E:\Curseforge\Instances\vanilla_plus_plus\mods}
[22:10:37] [main/INFO]: Found mod file citadel-2.1.1-1.19.jar of type MOD with provider {mods folder locator at E:\Curseforge\Instances\vanilla_plus_plus\mods}
[22:10:37] [main/INFO]: Found mod file cloth-config-8.2.88-forge.jar of type MOD with provider {mods folder locator at E:\Curseforge\Instances\vanilla_plus_plus\mods}
[22:10:37] [main/INFO]: Found mod file CodeChickenLib-1.19.2-4.3.0.470-universal.jar of type MOD with provider {mods folder locator at E:\Curseforge\Instances\vanilla_plus_plus\mods}
[22:10:37] [main/INFO]: Found mod file collective-1.19.2-5.22.jar of type MOD with provider {mods folder locator at E:\Curseforge\Instances\vanilla_plus_plus\mods}
[22:10:37] [main/INFO]: Found mod file constructionwand-1.19.1-2.8.jar of type MOD with provider {mods folder locator at E:\Curseforge\Instances\vanilla_plus_plus\mods}
[22:10:37] [main/INFO]: Found mod file create-1.19.2-0.5.0.f.jar of type MOD with provider {mods folder locator at E:\Curseforge\Instances\vanilla_plus_plus\mods}
[22:10:37] [main/INFO]: Found mod file curios-forge-1.19.2-5.1.1.0.jar of type MOD with provider {mods folder locator at E:\Curseforge\Instances\vanilla_plus_plus\mods}
[22:10:37] [main/INFO]: Found mod file deeperdarker-forge-1.1.3-forge.jar of type MOD with provider {mods folder locator at E:\Curseforge\Instances\vanilla_plus_plus\mods}
[22:10:37] [main/INFO]: Found mod file Dimensional Oxidized Ores 1.19.2 v.1.jar of type MOD with provider {mods folder locator at E:\Curseforge\Instances\vanilla_plus_plus\mods}
[22:10:37] [main/INFO]: Found mod file domum_ornamentum-1.19-1.0.75-ALPHA-universal.jar of type MOD with provider {mods folder locator at E:\Curseforge\Instances\vanilla_plus_plus\mods}
[22:10:37] [main/INFO]: Found mod file doubledoors_1.19.2-3.5.jar of type MOD with provider {mods folder locator at E:\Curseforge\Instances\vanilla_plus_plus\mods}
[22:10:37] [main/INFO]: Found mod file DoubleSlabs-1.19-6.1.0.jar of type MOD with provider {mods folder locator at E:\Curseforge\Instances\vanilla_plus_plus\mods}
[22:10:37] [main/INFO]: Found mod file EnchantmentDescriptions-Forge-1.19.2-13.0.3.jar of type MOD with provider {mods folder locator at E:\Curseforge\Instances\vanilla_plus_plus\mods}
[22:10:37] [main/INFO]: Found mod file EnderStorage-1.19.2-2.10.1.181-universal.jar of type MOD with provider {mods folder locator at E:\Curseforge\Instances\vanilla_plus_plus\mods}
[22:10:37] [main/INFO]: Found mod file Entity_Collision_FPS_Fix-forge-1.19-2.0.0.0.jar of type MOD with provider {mods folder locator at E:\Curseforge\Instances\vanilla_plus_plus\mods}
[22:10:37] [main/INFO]: Found mod file entityculling-forge-1.5.2-mc1.19.1.jar of type MOD with provider {mods folder locator at E:\Curseforge\Instances\vanilla_plus_plus\mods}
[22:10:37] [main/INFO]: Found mod file FarmersDelight-1.19-1.2.0.jar of type MOD with provider {mods folder locator at E:\Curseforge\Instances\vanilla_plus_plus\mods}
[22:10:37] [main/INFO]: Found mod file Fastload-Reforged-2.4.0+1.19.2.jar of type MOD with provider {mods folder locator at E:\Curseforge\Instances\vanilla_plus_plus\mods}
[22:10:37] [main/INFO]: Found mod file FixMySpawnR-forge-1.19.2-1.1.2.jar of type MOD with provider {mods folder locator at E:\Curseforge\Instances\vanilla_plus_plus\mods}
[22:10:37] [main/INFO]: Found mod file geckolib-forge-1.19-3.1.38.jar of type MOD with provider {mods folder locator at E:\Curseforge\Instances\vanilla_plus_plus\mods}
[22:10:37] [main/INFO]: Found mod file grappling_hook_mod-1.19.2-1.19.2-v13.jar of type MOD with provider {mods folder locator at E:\Curseforge\Instances\vanilla_plus_plus\mods}
[22:10:37] [main/INFO]: Found mod file Incendium_v5.1.4_Hotfix.jar of type MOD with provider {mods folder locator at E:\Curseforge\Instances\vanilla_plus_plus\mods}
[22:10:37] [main/INFO]: Found mod file ItShallNotTick-1.0.11-build.35.jar of type MOD with provider {mods folder locator at E:\Curseforge\Instances\vanilla_plus_plus\mods}
[22:10:37] [main/INFO]: Found mod file jei-1.19.2-forge-11.4.0.287.jar of type MOD with provider {mods folder locator at E:\Curseforge\Instances\vanilla_plus_plus\mods}
[22:10:37] [main/INFO]: Found mod file minecolonies-1.19.2-1.0.1135-ALPHA.jar of type MOD with provider {mods folder locator at E:\Curseforge\Instances\vanilla_plus_plus\mods}
[22:10:37] [main/INFO]: Found mod file multipiston-1.19.2-1.2.21-ALPHA.jar of type MOD with provider {mods folder locator at E:\Curseforge\Instances\vanilla_plus_plus\mods}
[22:10:37] [main/INFO]: Found mod file NaturesCompass-1.19.2-1.10.0-forge.jar of type MOD with provider {mods folder locator at E:\Curseforge\Instances\vanilla_plus_plus\mods}
[22:10:37] [main/INFO]: Found mod file NethersDelight-1.19-3.0.jar of type MOD with provider {mods folder locator at E:\Curseforge\Instances\vanilla_plus_plus\mods}
[22:10:37] [main/INFO]: Found mod file oculus-1.4.3.jar of type MOD with provider {mods folder locator at E:\Curseforge\Instances\vanilla_plus_plus\mods}
[22:10:37] [main/INFO]: Found mod file OreClumps-forge-1.19.2-0.1.1.jar of type MOD with provider {mods folder locator at E:\Curseforge\Instances\vanilla_plus_plus\mods}
[22:10:37] [main/INFO]: Found mod file PackMenu-Mod-Forge-1.19.2.jar of type MOD with provider {mods folder locator at E:\Curseforge\Instances\vanilla_plus_plus\mods}
[22:10:37] [main/INFO]: Found mod file Patchouli-1.19.2-77.jar of type MOD with provider {mods folder locator at E:\Curseforge\Instances\vanilla_plus_plus\mods}
[22:10:37] [main/INFO]: Found mod file Placebo-1.19.2-7.0.1.jar of type MOD with provider {mods folder locator at E:\Curseforge\Instances\vanilla_plus_plus\mods}
[22:10:37] [main/INFO]: Found mod file pluto-mc1.19.2-0.0.6.jar of type MOD with provider {mods folder locator at E:\Curseforge\Instances\vanilla_plus_plus\mods}
[22:10:37] [main/INFO]: Found mod file radium-0.8.2.jar of type MOD with provider {mods folder locator at E:\Curseforge\Instances\vanilla_plus_plus\mods}
[22:10:37] [main/INFO]: Found mod file radon-0.8.2.jar of type MOD with provider {mods folder locator at E:\Curseforge\Instances\vanilla_plus_plus\mods}
[22:10:37] [main/INFO]: Found mod file reliquary-1.19.2-2.0.20.1166.jar of type MOD with provider {mods folder locator at E:\Curseforge\Instances\vanilla_plus_plus\mods}
[22:10:37] [main/INFO]: Found mod file rubidium-0.6.2.jar of type MOD with provider {mods folder locator at E:\Curseforge\Instances\vanilla_plus_plus\mods}
[22:10:37] [main/INFO]: Found mod file RubidiumExtra-1.19.2-0.4.11.44.jar of type MOD with provider {mods folder locator at E:\Curseforge\Instances\vanilla_plus_plus\mods}
[22:10:37] [main/INFO]: Found mod file saturn-mc1.19.2-0.0.1.jar of type MOD with provider {mods folder locator at E:\Curseforge\Instances\vanilla_plus_plus\mods}
[22:10:37] [main/INFO]: Found mod file simplybackpacks-1.19-2.1.5-build.45.jar of type MOD with provider {mods folder locator at E:\Curseforge\Instances\vanilla_plus_plus\mods}
[22:10:37] [main/INFO]: Found mod file smoothboot(reloaded)-mc1.19.2-0.0.1.jar of type MOD with provider {mods folder locator at E:\Curseforge\Instances\vanilla_plus_plus\mods}
[22:10:37] [main/INFO]: Found mod file StorageDrawers-1.19-11.1.2.jar of type MOD with provider {mods folder locator at E:\Curseforge\Instances\vanilla_plus_plus\mods}
[22:10:37] [main/INFO]: Found mod file structurize-1.19.2-1.0.467-BETA.jar of type MOD with provider {mods folder locator at E:\Curseforge\Instances\vanilla_plus_plus\mods}
[22:10:37] [main/INFO]: Found mod file textrues_rubidium_options-1.0.3-Hotfix-mc1.19.2.jar of type MOD with provider {mods folder locator at E:\Curseforge\Instances\vanilla_plus_plus\mods}
[22:10:37] [main/INFO]: Found mod file theoneprobe-1.19-6.2.2.jar of type MOD with provider {mods folder locator at E:\Curseforge\Instances\vanilla_plus_plus\mods}
[22:10:37] [main/INFO]: Found mod file waymaker-1.19-1.0.jar of type MOD with provider {mods folder locator at E:\Curseforge\Instances\vanilla_plus_plus\mods}
[22:10:37] [main/INFO]: Found mod file waystone_towers-1.19.2-1.0.8.jar of type MOD with provider {mods folder locator at E:\Curseforge\Instances\vanilla_plus_plus\mods}
[22:10:37] [main/INFO]: Found mod file waystones-forge-1.19-11.1.0.jar of type MOD with provider {mods folder locator at E:\Curseforge\Instances\vanilla_plus_plus\mods}
[22:10:37] [main/INFO]: Found mod file Xaeros_Minimap_22.16.3_Forge_1.19.1.jar of type MOD with provider {mods folder locator at E:\Curseforge\Instances\vanilla_plus_plus\mods}
[22:10:37] [main/INFO]: Found mod file XaerosWorldMap_1.28.4_Forge_1.19.1.jar of type MOD with provider {mods folder locator at E:\Curseforge\Instances\vanilla_plus_plus\mods}
[22:10:38] [main/WARN]: Mod file E:\Curseforge\Install\libraries\net\minecraftforge\fmlcore\1.19.2-43.1.38\fmlcore-1.19.2-43.1.38.jar is missing mods.toml file
[22:10:38] [main/WARN]: Mod file E:\Curseforge\Install\libraries\net\minecraftforge\javafmllanguage\1.19.2-43.1.38\javafmllanguage-1.19.2-43.1.38.jar is missing mods.toml file
[22:10:38] [main/WARN]: Mod file E:\Curseforge\Install\libraries\net\minecraftforge\lowcodelanguage\1.19.2-43.1.38\lowcodelanguage-1.19.2-43.1.38.jar is missing mods.toml file
[22:10:38] [main/WARN]: Mod file E:\Curseforge\Install\libraries\net\minecraftforge\mclanguage\1.19.2-43.1.38\mclanguage-1.19.2-43.1.38.jar is missing mods.toml file
[22:10:38] [main/INFO]: Found mod file fmlcore-1.19.2-43.1.38.jar of type LIBRARY with provider net.minecraftforge.fml.loading.moddiscovery.MinecraftLocator@577f9109
[22:10:38] [main/INFO]: Found mod file javafmllanguage-1.19.2-43.1.38.jar of type LANGPROVIDER with provider net.minecraftforge.fml.loading.moddiscovery.MinecraftLocator@577f9109
[22:10:38] [main/INFO]: Found mod file lowcodelanguage-1.19.2-43.1.38.jar of type LANGPROVIDER with provider net.minecraftforge.fml.loading.moddiscovery.MinecraftLocator@577f9109
[22:10:38] [main/INFO]: Found mod file mclanguage-1.19.2-43.1.38.jar of type LANGPROVIDER with provider net.minecraftforge.fml.loading.moddiscovery.MinecraftLocator@577f9109
[22:10:38] [main/INFO]: Found mod file client-1.19.2-20220805.130853-srg.jar of type MOD with provider net.minecraftforge.fml.loading.moddiscovery.MinecraftLocator@577f9109
[22:10:38] [main/INFO]: Found mod file forge-1.19.2-43.1.38-universal.jar of type MOD with provider net.minecraftforge.fml.loading.moddiscovery.MinecraftLocator@577f9109
[22:10:38] [main/INFO]: Found 6 dependencies adding them to mods collection
[22:10:38] [main/INFO]: Found mod file velocity-native-3.1.2-SNAPSHOT.jar of type GAMELIBRARY with provider net.minecraftforge.fml.loading.moddiscovery.JarInJarDependencyLocator@7351a16e
[22:10:38] [main/INFO]: Found mod file MixinExtras-0.1.0-rc5.jar of type GAMELIBRARY with provider net.minecraftforge.fml.loading.moddiscovery.JarInJarDependencyLocator@7351a16e
[22:10:38] [main/INFO]: Found mod file paragon-forge-1.0.3b-1.19x.jar of type MOD with provider net.minecraftforge.fml.loading.moddiscovery.JarInJarDependencyLocator@7351a16e
[22:10:38] [main/INFO]: Found mod file expandability-forge-7.0.0.jar of type MOD with provider net.minecraftforge.fml.loading.moddiscovery.JarInJarDependencyLocator@7351a16e
[22:10:38] [main/INFO]: Found mod file flywheel-forge-1.19.2-0.6.7-8.jar of type MOD with provider net.minecraftforge.fml.loading.moddiscovery.JarInJarDependencyLocator@7351a16e
[22:10:38] [main/INFO]: Found mod file Registrate-MC1.19-1.1.5.jar of type GAMELIBRARY with provider net.minecraftforge.fml.loading.moddiscovery.JarInJarDependencyLocator@7351a16e
[22:10:41] [main/INFO]: Compatibility level set to JAVA_17
[22:10:41] [main/ERROR]: Mixin config radon.mixins.json does not specify "minVersion" property
[22:10:41] [main/ERROR]: Mixin config itshallnottick.mixins.json does not specify "minVersion" property
[22:10:41] [main/INFO]: Launching target 'forgeclient' with arguments [--version, forge-43.1.38, --gameDir, E:\Curseforge\Instances\vanilla_plus_plus, --assetsDir, E:\Curseforge\Install\assets, --uuid, b9c36fb17f2e47c19587f319e6d1b10c, --username, Tedodor423, --assetIndex, 1.19, --accessToken, ????????, --clientId, NGMwZGUzZTAtYWUwNS00NTBhLTgzNzgtMWU0NzM5ZTJkMGNl, --xuid, 2535428656123894, --userType, msa, --versionType, release, --width, 1920, --height, 1080]
[22:10:42] [main/WARN]: Reference map 'grapplemod.refmap.json' for grapplemod.mixins.json could not be read. If this is a development environment you can ignore this message
[22:10:42] [main/ERROR]: Option entity.collisions.fluid for dependency 'entity.collisions.fluid depends on chunk=true' not found. Skipping.
[22:10:42] [main/ERROR]: Option entity.collisions.fluid for dependency 'entity.collisions.fluid depends on chunk.block_counting=true' not found. Skipping.
[22:10:42] [main/INFO]: Loaded configuration file for Radium: 96 options available, 0 override(s) found
[22:10:42] [main/INFO]: Loaded configuration file for Rubidium: 29 options available, 0 override(s) found
[22:10:42] [main/INFO]: Loaded configuration file for Sodium Extra: 27 options available, 0 override(s) found
[22:10:44] [main/INFO]: Replaced 2 calls to Enchantment#getMaxLevel() in net/minecraft/world/inventory/AnvilMenu
[22:10:44] [main/WARN]: Error loading class: vazkii/quark/content/client/tooltip/AttributeTooltips (java.lang.ClassNotFoundException: vazkii.quark.content.client.tooltip.AttributeTooltips)
[22:10:45] [main/WARN]: Error loading class: net/minecraft/world/level/biome/Biome$BiomeCategory (java.lang.ClassNotFoundException: net.minecraft.world.level.biome.Biome$BiomeCategory)
[22:10:47] [main/INFO]: BeforeConstant is searching for constants in method with descriptor (Lnet/minecraft/network/chat/Component;Z)V
[22:10:47] [main/INFO]:   BeforeConstant found INTEGER constant: value = 0, intValue = null
[22:10:47] [main/INFO]:     BeforeConstant found a matching constant TYPE at ordinal 0
[22:10:47] [main/INFO]:       BeforeConstant found Insn [ICONST_0] 
[22:10:47] [main/INFO]:   BeforeConstant found INTEGER constant: value = 60, intValue = null
[22:10:47] [main/INFO]:     BeforeConstant found a matching constant TYPE at ordinal 1
[22:10:47] [main/INFO]:       BeforeConstant found IntInsn 60
[22:10:47] [main/WARN]: Error loading class: net/minecraft/network/chat/TranslatableComponent (java.lang.ClassNotFoundException: net.minecraft.network.chat.TranslatableComponent)
